2022.05.25 15:04:21 Носов Петрушка Евгеньевич авторизовался в системе.
2022.05.25 15:16:10 Носов Петрушка Евгеньевич вышел из системы.
2022.05.25 15:16:35 Носов Петрушка Евгеньевич авторизовался в системе.
2022.05.25 15:27:23 Носов Петрушка Евгеньевич удалил разрешение № 373
2022.05.25 15:29:08 Носов Петрушка Евгеньевич создал разрешение № 375
2022.05.25 16:02:00 Носов Петрушка Евгеньевич вышел из системы  
2022.05.25 16:02:14 Дмитрий Чухломин Валерьевич авторизовался в системе  
2022.05.25 16:02:19 Дмитрий Чухломин Валерьевич вышел из системы  
2022.05.25 16:02:35 Носов Петрушка Евгеньевич авторизовался в системе  
2022.05.25 16:02:54 Носов Петрушка Евгеньевич создал разрешение № 376 
2022.05.25 16:03:00 Носов Петрушка Евгеньевич удалил разрешение № 376 
2022.05.25 16:03:02 Носов Петрушка Евгеньевич создал разрешение № 377 
2022.05.25 16:03:07 Носов Петрушка Евгеньевич изменил статус разрешения № 377 на ''
2022.05.25 16:03:10 Носов Петрушка Евгеньевич изменил статус разрешения № 377 на ''
2022.05.25 16:03:13 Носов Петрушка Евгеньевич вышел из системы  
2022.05.25 16:03:19 Иван Иванов Иванович авторизовался в системе  
2022.05.25 16:04:29 Иван Иванов Иванович вышел из системы  
2022.05.25 16:04:39 Дмитрий Игнетьев Дмитриевич авторизовался в системе  
2022.05.25 16:13:23 Дмитрий Игнетьев Дмитриевич вышел из системы  
2022.05.25 16:13:32 Носов Петрушка Евгеньевич авторизовался в системе  
2022.05.25 16:15:55 Носов Петрушка Евгеньевич изменил статус разрешения № 375 на 'Согласование'
2022.05.25 16:16:12 Носов Петрушка Евгеньевич изменил статус разрешения № 375 на 'Создание'
2022.05.25 16:21:30 Носов Петрушка Евгеньевич выгрузил в pdf разрешение № 377 
2022.05.25 16:21:46 Носов Петрушка Евгеньевич вышел из системы  
2022.05.25 16:21:51 Иван Иванов Иванович авторизовался в системе  
2022.05.25 16:21:55 Иван Иванов Иванович выгрузил в scv разрешение № 377  
2022.05.25 16:22:55 Иван Иванов Иванович вышел из системы  
2022.05.25 16:23:00 Носов Петрушка Евгеньевич авторизовался в системе  
2022.05.25 16:23:04 Носов Петрушка Евгеньевич изменил статус разрешения № 374 на 'Согласование'
2022.05.25 16:23:08 Носов Петрушка Евгеньевич изменил статус разрешения № 374 на 'Утверждено'
2022.05.25 16:23:09 Носов Петрушка Евгеньевич вышел из системы  
2022.05.25 16:23:15 Иван Иванов Иванович авторизовался в системе  
2022.05.25 16:23:23 Иван Иванов Иванович выгрузил в scv разрешения № 374, № 377,  
2022.05.25 16:24:59 Иван Иванов Иванович выгрузил в scv разрешения №374№377 
2022.05.25 16:25:31 Иван Иванов Иванович выгрузил в scv разрешения №374 №377  
2022.05.25 16:26:38 Иван Иванов Иванович вышел из системы  
2022.05.25 16:30:17 Носов Петрушка Евгеньевич авторизовался в системе  
2022.05.25 16:30:21 Носов Петрушка Евгеньевич выгрузил в pdf разрешение №374 
2022.05.25 16:48:32 Носов Петрушка Евгеньевич выгрузил в pdf разрешение №375 
2022.05.25 16:49:08 Носов Петрушка Евгеньевич выгрузил в pdf разрешение №375 
2022.05.25 17:00:23 Носов Петрушка Евгеньевич выгрузил в pdf разрешение №375 
2022.05.25 17:01:17 Носов Петрушка Евгеньевич выгрузил в pdf разрешение №375 
2022.05.25 17:02:36 Носов Петрушка Евгеньевич выгрузил в pdf разрешение №375 
2022.05.25 17:12:47 Носов Петрушка Евгеньевич выгрузил в pdf разрешение №375 
2022.05.25 17:16:59 Носов Петрушка Евгеньевич выгрузил в pdf разрешение №375 
2022.05.25 17:17:12 Носов Петрушка Евгеньевич выгрузил в pdf разрешение №375 
2022.05.25 17:17:15 Носов Петрушка Евгеньевич выгрузил в pdf разрешение №375 
2022.05.25 17:21:03 Носов Петрушка Евгеньевич выгрузил в pdf разрешение №375 
2022.05.25 17:21:17 Носов Петрушка Евгеньевич выгрузил в pdf разрешение №375 
2022.05.25 17:21:43 Носов Петрушка Евгеньевич выгрузил в pdf разрешение №375 
2022.05.25 17:22:15 Носов Петрушка Евгеньевич изменил статус разрешения № 374 на 'Согласование'
2022.05.25 17:22:17 Носов Петрушка Евгеньевич изменил статус разрешения № 374 на 'Создание'
2022.05.25 17:22:27 Носов Петрушка Евгеньевич создал разрешение №378 
2022.05.25 17:26:32 Носов Петрушка Евгеньевич выгрузил в pdf разрешение №378 
2022.05.25 17:26:44 Носов Петрушка Евгеньевич выгрузил в pdf разрешение №378 
2022.05.25 17:26:58 Носов Петрушка Евгеньевич выгрузил в pdf разрешение №378 
2022.05.25 17:27:36 Носов Петрушка Евгеньевич выгрузил в pdf разрешение №378 
2022.05.25 17:29:01 Носов Петрушка Евгеньевич выгрузил в pdf разрешение №378 
2022.05.25 17:29:45 Носов Петрушка Евгеньевич выгрузил в pdf разрешение №378 
2022.05.25 17:30:50 Носов Петрушка Евгеньевич выгрузил в pdf разрешение №378 
2022.05.25 17:31:00 Носов Петрушка Евгеньевич выгрузил в pdf разрешение №378 
2022.05.25 17:32:58 Носов Петрушка Евгеньевич выгрузил в pdf разрешение №378 
2022.05.25 17:36:27 Носов Петрушка Евгеньевич выгрузил в pdf разрешение №378 
2022.05.25 17:36:38 Носов Петрушка Евгеньевич выгрузил в pdf разрешение №378 
2022.05.25 17:36:58 Носов Петрушка Евгеньевич выгрузил в pdf разрешение №378 
2022.05.25 17:37:39 Носов Петрушка Евгеньевич выгрузил в pdf разрешение №378 
2022.05.25 17:37:54 Носов Петрушка Евгеньевич выгрузил в pdf разрешение №378 
2022.05.25 17:38:25 Носов Петрушка Евгеньевич выгрузил в pdf разрешение №378 
2022.05.25 17:38:38 Носов Петрушка Евгеньевич вышел из системы  
2022.05.25 17:38:50 Дмитрий Чухломин Валерьевич авторизовался в системе  
2022.05.25 17:38:54 Дмитрий Чухломин Валерьевич вышел из системы  
2022.05.25 17:39:00 Иван Иванов Иванович авторизовался в системе  
2022.05.25 17:39:09 Иван Иванов Иванович изменил статус разрешения № 377 на 'Открыто'
2022.05.25 17:39:11 Иван Иванов Иванович вышел из системы  
2022.05.25 17:39:26 Дмитрий Чухломин Валерьевич авторизовался в системе  
2022.05.25 18:11:05 Дмитрий Чухломин Валерьевич вышел из системы  
2022.05.25 18:11:10 Носов Петрушка Евгеньевич авторизовался в системе  
2022.05.25 18:11:15 Носов Петрушка Евгеньевич выгрузил в pdf разрешение №377 
2022.05.25 18:11:44 Носов Петрушка Евгеньевич выгрузил в pdf разрешение №378 
2022.05.25 20:54:44 Носов Петрушка Евгеньевич авторизовался в системе  
2022.05.25 20:54:59 Носов Петрушка Евгеньевич создал разрешение №379 
2022.05.25 20:55:11 Носов Петрушка Евгеньевич удалил разрешение №379 
2022.05.25 20:56:24 Носов Петрушка Евгеньевич создал разрешение №380 
2022.05.25 20:57:33 Носов Петрушка Евгеньевич изменил статус разрешения № 380 на 'Согласование'
2022.05.25 20:57:49 Носов Петрушка Евгеньевич изменил статус разрешения № 380 на 'Утверждено'
2022.05.25 20:58:20 Носов Петрушка Евгеньевич выгрузил в pdf разрешение №380 
2022.05.25 20:59:28 Носов Петрушка Евгеньевич вышел из системы  
2022.05.25 20:59:44 Иван Иванов Иванович авторизовался в системе  
2022.05.25 20:59:58 Иван Иванов Иванович изменил статус разрешения № 380 на 'Открыто'
2022.05.25 21:00:04 Иван Иванов Иванович изменил статус разрешения № 380 на 'Приостановлено'
2022.05.25 21:00:16 Иван Иванов Иванович изменил статус разрешения № 380 на 'Закрыто'
2022.05.25 21:00:21 Иван Иванов Иванович изменил статус разрешения № 380 на 'Завершено'
2022.05.25 21:00:35 Иван Иванов Иванович выгрузил в scv разрешения №380  
2022.05.25 21:03:49 Иван Иванов Иванович вышел из системы  
2022.05.25 21:03:55 Носов Петрушка Евгеньевич авторизовался в системе  
2022.05.25 21:04:26 Носов Петрушка Евгеньевич выгрузил в pdf разрешение №378 
2022.05.25 21:34:13 Носов Петрушка Евгеньевич вышел из системы  
2022.05.25 21:34:23 Иван Иванов Иванович авторизовался в системе  
2022.05.25 21:34:29 Иван Иванов Иванович изменил статус разрешения № 377 на 'Требуется маскирование'
2022.05.25 21:34:46 Иван Иванов Иванович вышел из системы  
2022.05.25 21:35:02 Дмитрий Чухломин Валерьевич авторизовался в системе  
2022.05.25 21:35:08 Дмитрий Чухломин Валерьевич вышел из системы  
2022.05.25 21:35:18 Носов Петрушка Евгеньевич авторизовался в системе  
2022.05.25 21:35:23 Носов Петрушка Евгеньевич создал разрешение №381 
2022.05.25 21:35:37 Носов Петрушка Евгеньевич выгрузил в pdf разрешение №377 
2022.05.25 21:36:09 Носов Петрушка Евгеньевич создал разрешение №382 
2022.05.25 21:36:25 Носов Петрушка Евгеньевич изменил статус разрешения № 382 на 'Согласование'
2022.05.25 21:36:30 Носов Петрушка Евгеньевич изменил статус разрешения № 382 на 'Создание'
2022.05.25 21:36:49 Носов Петрушка Евгеньевич изменил статус разрешения № 382 на 'Согласование'
2022.05.25 21:36:53 Носов Петрушка Евгеньевич изменил статус разрешения № 382 на 'Утверждено'
2022.05.25 21:36:56 Носов Петрушка Евгеньевич вышел из системы  
2022.05.25 21:37:02 Иван Иванов Иванович авторизовался в системе  
2022.05.25 21:37:06 Иван Иванов Иванович изменил статус разрешения № 382 на 'Требуется маскирование'
2022.05.25 21:37:11 Иван Иванов Иванович вышел из системы  
2022.05.25 21:37:20 Дмитрий Чухломин Валерьевич авторизовался в системе  
2022.05.25 21:45:13 Дмитрий Чухломин Валерьевич изменил статус разрешения № 382 на 'Замаскировано'
2022.05.25 21:45:16 Дмитрий Чухломин Валерьевич вышел из системы  
2022.05.25 21:45:27 Дмитрий Игнетьев Дмитриевич авторизовался в системе  
2022.05.25 21:45:41 Дмитрий Игнетьев Дмитриевич изменил статус разрешения № 382 на 'Маскирование проверено'
2022.05.25 21:45:45 Дмитрий Игнетьев Дмитриевич вышел из системы  
2022.05.25 21:45:56 Дмитрий Чухломин Валерьевич авторизовался в системе  
2022.05.25 21:46:28 Дмитрий Чухломин Валерьевич изменил статус разрешения № 382 на 'Замаскировано'
2022.05.25 21:46:31 Дмитрий Чухломин Валерьевич вышел из системы  
2022.05.25 21:46:53 Дмитрий Чухломин Валерьевич авторизовался в системе  
2022.05.25 21:46:59 Дмитрий Чухломин Валерьевич вышел из системы  
2022.05.25 21:47:12 Дмитрий Игнетьев Дмитриевич авторизовался в системе  
2022.05.25 21:47:17 Дмитрий Игнетьев Дмитриевич изменил статус разрешения № 382 на 'Маскирование проверено'
2022.05.25 21:52:09 Дмитрий Игнетьев Дмитриевич вышел из системы  
2022.05.25 21:52:15 Иван Иванов Иванович авторизовался в системе  
2022.05.25 21:52:35 Иван Иванов Иванович изменил статус разрешения № 382 на 'Работы начаты'
2022.05.25 21:54:06 Иван Иванов Иванович изменил статус разрешения № 382 на 'Работы закончены'
2022.05.25 21:57:02 Иван Иванов Иванович изменил статус разрешения № 377 на 'Приостановлено'
2022.05.25 21:59:16 Иван Иванов Иванович изменил статус разрешения № 377 на 'Работы закончены'
2022.05.25 22:04:20 Иван Иванов Иванович изменил статус разрешения № 377 на 'Закрыто'
2022.05.25 22:26:31 Иван Иванов Иванович изменил статус разрешения № 382 на 'Работы начаты'
2022.05.26 00:13:01 Иван Иванов Иванович вышел из системы  
2022.05.26 00:13:10 Носов Петрушка Евгеньевич авторизовался в системе  
2022.05.26 00:15:13 Носов Петрушка Евгеньевич вышел из системы  
2022.05.26 00:15:24 Носов Петрушка Евгеньевич авторизовался в системе  
2022.05.26 00:16:27 Носов Петрушка Евгеньевич вышел из системы  
2022.05.26 00:16:42 Иван Иванов Иванович авторизовался в системе  
2022.05.26 00:16:53 Иван Иванов Иванович изменил статус разрешения № 377 на 'Работы начаты'
2022.05.26 01:09:19 Иван Иванов Иванович вышел из системы  
2022.05.26 01:09:25 Носов Петрушка Евгеньевич авторизовался в системе  
2022.05.26 01:19:14 Носов Петрушка Евгеньевич выгрузил в pdf разрешение №382 
2022.05.26 01:19:25 Носов Петрушка Евгеньевич выгрузил в pdf разрешение №377 
2022.05.26 01:19:44 Носов Петрушка Евгеньевич выгрузил в pdf разрешение №381 
2022.05.26 10:15:00 Носов Петрушка Евгеньевич авторизовался в системе  
2022.05.26 10:17:12 Носов Петрушка Евгеньевич выгрузил в pdf разрешение №377 
2022.05.26 10:18:31 Носов Петрушка Евгеньевич выгрузил в pdf разрешение №377 
2022.05.26 10:19:32 Носов Петрушка Евгеньевич выгрузил в pdf разрешение №377 
2022.05.26 10:19:44 Носов Петрушка Евгеньевич выгрузил в pdf разрешение №377 
2022.05.26 10:19:54 Носов Петрушка Евгеньевич выгрузил в pdf разрешение №377 
2022.05.26 10:20:24 Носов Петрушка Евгеньевич выгрузил в pdf разрешение №381 
2022.05.26 10:20:40 Носов Петрушка Евгеньевич выгрузил в pdf разрешение №377 
2022.05.26 10:21:14 Носов Петрушка Евгеньевич выгрузил в pdf разрешение №377 
2022.05.26 10:25:49 Носов Петрушка Евгеньевич выгрузил в pdf разрешение №381 
2022.05.26 10:29:04 Носов Петрушка Евгеньевич создал разрешение №383 
2022.05.26 15:40:33 Носов Петрушка Евгеньевич авторизовался в системе  
2022.05.26 15:42:48 Носов Петрушка Евгеньевич авторизовался в системе  
2022.05.26 16:23:34 Носов Петрушка Евгеньевич авторизовался в системе  
2022.05.26 16:23:40 Носов Петрушка Евгеньевич авторизовался в системе  
2022.05.26 16:23:43 Носов Петрушка Евгеньевич вышел из системы  
2022.05.26 16:40:51 Носов Петрушка Евгеньевич авторизовался в системе  
2022.05.30 11:13:29 Иван Иванов Иванович авторизовался в системе  
2022.05.30 11:13:36 Иван Иванов Иванович авторизовался в системе  
2022.05.30 11:13:41 Иван Иванов Иванович вышел из системы  
2022.05.30 11:13:55 Носов Петрушка Евгеньевич авторизовался в системе  
2022.05.30 11:16:34 Носов Петрушка Евгеньевич создал разрешение №383 
2022.05.30 11:16:39 Носов Петрушка Евгеньевич удалил разрешение №383 
2022.05.30 11:25:23 Носов Петрушка Евгеньевич изменил статус разрешения № 381 на 'Согласование'
2022.05.30 11:25:30 Носов Петрушка Евгеньевич изменил статус разрешения № 381 на 'Создание'
2022.05.30 11:25:51 Носов Петрушка Евгеньевич выгрузил в pdf разрешение №381 
2022.05.30 11:26:05 Носов Петрушка Евгеньевич изменил статус разрешения № 381 на 'Согласование'
2022.05.30 11:26:12 Носов Петрушка Евгеньевич изменил статус разрешения № 381 на 'Утверждено'
2022.05.30 11:27:29 Носов Петрушка Евгеньевич вышел из системы  
2022.05.30 11:27:35 Иван Иванов Иванович авторизовался в системе  
2022.05.30 11:27:40 Иван Иванов Иванович изменил статус разрешения № 381 на 'Требуется маскирование'
2022.05.30 11:27:42 Иван Иванов Иванович вышел из системы  
2022.05.30 11:28:13 Дмитрий Чухломин Валерьевич авторизовался в системе  
2022.05.30 11:28:29 Дмитрий Чухломин Валерьевич вышел из системы  
2022.05.30 11:28:40 Носов Петрушка Евгеньевич авторизовался в системе  
2022.05.30 11:29:10 Носов Петрушка Евгеньевич вышел из системы  
2022.05.30 11:29:20 Дмитрий Чухломин Валерьевич авторизовался в системе  
2022.05.30 11:31:31 Дмитрий Чухломин Валерьевич изменил статус разрешения № 381 на 'Замаскировано'
2022.05.30 11:31:41 Дмитрий Чухломин Валерьевич изменил статус разрешения № 381 на 'Задемаскировано'
2022.05.30 11:45:32 Дмитрий Чухломин Валерьевич вышел из системы  
2022.05.30 11:45:39 Носов Петрушка Евгеньевич авторизовался в системе  
2022.05.30 11:45:43 Носов Петрушка Евгеньевич создал разрешение №384 
2022.05.30 11:46:02 Носов Петрушка Евгеньевич изменил статус разрешения № 384 на 'Согласование'
2022.05.30 11:46:05 Носов Петрушка Евгеньевич изменил статус разрешения № 384 на 'Утверждено'
2022.05.30 11:46:07 Носов Петрушка Евгеньевич вышел из системы  
2022.05.30 11:46:17 Дмитрий Чухломин Валерьевич авторизовался в системе  
2022.05.30 11:57:31 Дмитрий Чухломин Валерьевич вышел из системы  
2022.05.30 11:57:44 Дмитрий Игнетьев Дмитриевич авторизовался в системе  
2022.05.30 11:57:50 Дмитрий Игнетьев Дмитриевич вышел из системы  
2022.05.30 11:58:04 Носов Петрушка Евгеньевич авторизовался в системе  
2022.05.30 11:58:10 Носов Петрушка Евгеньевич создал разрешение №385 
2022.05.30 11:58:24 Носов Петрушка Евгеньевич вышел из системы  
2022.05.30 11:58:35 Дмитрий Игнетьев Дмитриевич авторизовался в системе  
2022.05.30 11:58:37 Дмитрий Игнетьев Дмитриевич вышел из системы  
2022.05.30 11:58:43 Носов Петрушка Евгеньевич авторизовался в системе  
2022.05.30 11:58:45 Носов Петрушка Евгеньевич изменил статус разрешения № 385 на 'Согласование'
2022.05.30 11:58:49 Носов Петрушка Евгеньевич изменил статус разрешения № 385 на 'Утверждено'
2022.05.30 11:58:51 Носов Петрушка Евгеньевич вышел из системы  
2022.05.30 11:59:03 Дмитрий Игнетьев Дмитриевич авторизовался в системе  
2022.05.30 18:13:51 Дмитрий Игнетьев Дмитриевич вышел из системы  
2022.05.30 18:14:01 Носов Петрушка Евгеньевич авторизовался в системе  
2022.05.31 10:27:45 Носов Петрушка Евгеньевич авторизовался в системе  
2022.05.31 10:27:48 Носов Петрушка Евгеньевич создал разрешение №386 
2022.05.31 11:05:34 Носов Петрушка Евгеньевич создал разрешение №387 
2022.05.31 11:45:00 Носов Петрушка Евгеньевич выгрузил в pdf разрешение №385 
2022.05.31 12:41:11 Носов Петрушка Евгеньевич изменил статус разрешения № 387 на 'Согласование'
2022.05.31 12:41:16 Носов Петрушка Евгеньевич изменил статус разрешения № 387 на 'Утверждено'
2022.05.31 12:41:18 Носов Петрушка Евгеньевич вышел из системы  
2022.05.31 12:41:29 Дмитрий Чухломин Валерьевич авторизовался в системе  
2022.05.31 12:41:31 Дмитрий Чухломин Валерьевич вышел из системы  
2022.05.31 12:41:39 Иван Иванов Иванович авторизовался в системе  
2022.05.31 12:41:42 Иван Иванов Иванович вышел из системы  
2022.05.31 12:41:49 Носов Петрушка Евгеньевич авторизовался в системе  
2022.05.31 12:41:59 Носов Петрушка Евгеньевич изменил статус разрешения № 387 на 'Согласование'
2022.05.31 12:42:05 Носов Петрушка Евгеньевич изменил статус разрешения № 387 на 'Создание'
2022.05.31 12:42:31 Носов Петрушка Евгеньевич изменил статус разрешения № 387 на 'Согласование'
2022.05.31 12:42:34 Носов Петрушка Евгеньевич изменил статус разрешения № 387 на 'Утверждено'
2022.05.31 12:42:36 Носов Петрушка Евгеньевич вышел из системы  
2022.05.31 12:42:47 Иван Иванов Иванович авторизовался в системе  
2022.05.31 12:42:56 Иван Иванов Иванович вышел из системы  
2022.05.31 12:43:08 Носов Петрушка Евгеньевич авторизовался в системе  
2022.05.31 12:43:15 Носов Петрушка Евгеньевич авторизовался в системе  
2022.05.31 12:43:20 Носов Петрушка Евгеньевич изменил статус разрешения № 387 на 'Согласование'
2022.05.31 12:43:24 Носов Петрушка Евгеньевич изменил статус разрешения № 387 на 'Создание'
2022.05.31 12:43:37 Носов Петрушка Евгеньевич вышел из системы  
2022.05.31 12:43:44 Носов Петрушка Евгеньевич авторизовался в системе  
2022.05.31 12:43:47 Носов Петрушка Евгеньевич изменил статус разрешения № 387 на 'Согласование'
2022.05.31 12:43:50 Носов Петрушка Евгеньевич изменил статус разрешения № 387 на 'Утверждено'
2022.05.31 12:43:52 Носов Петрушка Евгеньевич вышел из системы  
2022.05.31 12:43:56 Иван Иванов Иванович авторизовался в системе  
2022.05.31 12:44:02 Иван Иванов Иванович изменил статус разрешения № 387 на 'Требуется маскирование'
2022.05.31 12:44:04 Иван Иванов Иванович вышел из системы  
2022.05.31 12:44:14 Дмитрий Чухломин Валерьевич авторизовался в системе  
2022.05.31 12:44:34 Дмитрий Чухломин Валерьевич изменил статус разрешения № 387 на 'Замаскировано'
2022.05.31 12:47:13 Дмитрий Чухломин Валерьевич вышел из системы  
2022.05.31 12:47:20 Носов Петрушка Евгеньевич авторизовался в системе  
2022.05.31 12:47:25 Носов Петрушка Евгеньевич создал разрешение №388 
2022.05.31 12:47:41 Носов Петрушка Евгеньевич вышел из системы  
2022.05.31 12:47:49 Носов Петрушка Евгеньевич авторизовался в системе  
2022.05.31 12:47:52 Носов Петрушка Евгеньевич изменил статус разрешения № 388 на 'Согласование'
2022.05.31 12:47:57 Носов Петрушка Евгеньевич изменил статус разрешения № 388 на 'Утверждено'
2022.05.31 12:47:59 Носов Петрушка Евгеньевич вышел из системы  
2022.05.31 12:48:05 Иван Иванов Иванович авторизовался в системе  
2022.05.31 12:48:09 Иван Иванов Иванович изменил статус разрешения № 387 на 'Открыто'
2022.05.31 12:48:20 Иван Иванов Иванович вышел из системы  
2022.05.31 12:48:26 Носов Петрушка Евгеньевич авторизовался в системе  
2022.05.31 12:48:47 Носов Петрушка Евгеньевич изменил статус разрешения № 388 на 'Согласование'
2022.05.31 12:49:02 Носов Петрушка Евгеньевич изменил статус разрешения № 388 на 'Создание'
2022.05.31 12:49:28 Носов Петрушка Евгеньевич вышел из системы  
2022.05.31 12:49:49 Носов Петрушка Евгеньевич авторизовался в системе  
2022.05.31 12:49:53 Носов Петрушка Евгеньевич изменил статус разрешения № 388 на 'Согласование'
2022.05.31 12:49:58 Носов Петрушка Евгеньевич изменил статус разрешения № 388 на 'Утверждено'
2022.05.31 12:50:00 Носов Петрушка Евгеньевич вышел из системы  
2022.05.31 12:50:06 Иван Иванов Иванович авторизовался в системе  
2022.05.31 12:50:12 Иван Иванов Иванович изменил статус разрешения № 388 на 'Открыто'
2022.05.31 12:50:22 Иван Иванов Иванович изменил статус разрешения № 388 на 'Требуется маскирование'
2022.05.31 12:50:24 Иван Иванов Иванович вышел из системы  
2022.05.31 12:50:40 Дмитрий Чухломин Валерьевич авторизовался в системе  
2022.05.31 12:50:49 Дмитрий Чухломин Валерьевич изменил статус разрешения № 388 на 'Замаскировано'
2022.05.31 13:12:13 Дмитрий Чухломин Валерьевич изменил статус разрешения № 388 на 'Замаскировано'
2022.05.31 13:12:39 Дмитрий Чухломин Валерьевич изменил статус разрешения № 388 на 'Замаскировано'
2022.05.31 13:13:02 Дмитрий Чухломин Валерьевич изменил статус разрешения № 388 на 'Замаскировано'
2022.05.31 13:39:39 Дмитрий Чухломин Валерьевич вышел из системы  
2022.05.31 13:41:57 Носов Петрушка Евгеньевич авторизовался в системе  
2022.05.31 13:43:06 Носов Петрушка Евгеньевич вышел из системы  
2022.05.31 13:43:17 Иван Иванов Иванович авторизовался в системе  
2022.05.31 13:43:20 Иван Иванов Иванович вышел из системы  
2022.05.31 13:43:33 Носов Петрушка Евгеньевич авторизовался в системе  
2022.05.31 13:43:42 Носов Петрушка Евгеньевич создал разрешение №389 
2022.05.31 13:43:58 Носов Петрушка Евгеньевич удалил разрешение №389 
2022.05.31 13:44:05 Носов Петрушка Евгеньевич удалил разрешение №386 
2022.05.31 13:44:08 Носов Петрушка Евгеньевич создал разрешение №390 
2022.05.31 13:44:12 Носов Петрушка Евгеньевич создал разрешение №391 
2022.05.31 13:50:21 Носов Петрушка Евгеньевич удалил разрешение №391 
2022.05.31 13:50:45 Носов Петрушка Евгеньевич создал разрешение №392 
2022.05.31 13:50:56 Носов Петрушка Евгеньевич удалил разрешение №392 
2022.05.31 13:51:00 Носов Петрушка Евгеньевич создал разрешение №393 
2022.05.31 13:52:22 Носов Петрушка Евгеньевич создал разрешение №394 
2022.05.31 13:52:52 Носов Петрушка Евгеньевич создал разрешение №395 
2022.05.31 13:53:19 Носов Петрушка Евгеньевич удалил разрешение №395 
2022.05.31 13:53:21 Носов Петрушка Евгеньевич удалил разрешение №394 
2022.05.31 13:53:26 Носов Петрушка Евгеньевич создал разрешение №396 
2022.05.31 13:53:41 Носов Петрушка Евгеньевич удалил разрешение №396 
2022.05.31 13:53:43 Носов Петрушка Евгеньевич создал разрешение №397 
2022.05.31 13:53:48 Носов Петрушка Евгеньевич удалил разрешение №397 
2022.05.31 13:56:29 Носов Петрушка Евгеньевич удалил разрешение №393 
2022.05.31 13:56:32 Носов Петрушка Евгеньевич удалил разрешение №390 
2022.05.31 13:58:29 Носов Петрушка Евгеньевич создал разрешение №399 
2022.05.31 13:58:54 Носов Петрушка Евгеньевич удалил разрешение №399 
2022.05.31 14:06:51 Носов Петрушка Евгеньевич создал разрешение №410 
2022.05.31 14:06:59 Носов Петрушка Евгеньевич удалил разрешение №410 
2022.05.31 14:10:13 Носов Петрушка Евгеньевич создал разрешение №412 
2022.05.31 14:16:18 Носов Петрушка Евгеньевич создал разрешение №413 
2022.05.31 14:16:22 Носов Петрушка Евгеньевич удалил разрешение №413 
2022.05.31 14:16:24 Носов Петрушка Евгеньевич удалил разрешение №412 
2022.05.31 14:16:29 Носов Петрушка Евгеньевич создал разрешение №414 
2022.05.31 14:16:48 Носов Петрушка Евгеньевич создал разрешение №415 
2022.05.31 14:16:52 Носов Петрушка Евгеньевич удалил разрешение №415 
2022.05.31 14:16:54 Носов Петрушка Евгеньевич удалил разрешение №414 
2022.05.31 14:17:37 Носов Петрушка Евгеньевич вышел из системы  
2022.05.31 14:17:43 Иван Иванов Иванович авторизовался в системе  
2022.05.31 14:17:49 Иван Иванов Иванович изменил статус разрешения № 388 на 'Закрыто'
2022.05.31 14:17:53 Иван Иванов Иванович изменил статус разрешения № 388 на 'Завершено'
2022.05.31 15:00:37 Иван Иванов Иванович вышел из системы  
2022.05.31 15:00:44 Носов Петрушка Евгеньевич авторизовался в системе  
2022.05.31 15:00:47 Носов Петрушка Евгеньевич вышел из системы  
2022.05.31 15:00:53 Носов Петрушка Евгеньевич авторизовался в системе  
2022.05.31 15:00:58 Носов Петрушка Евгеньевич вышел из системы  
2022.05.31 15:01:18 Дмитрий Чухломин Валерьевич авторизовался в системе  
2022.05.31 15:01:22 Дмитрий Чухломин Валерьевич вышел из системы  
2022.05.31 15:01:32 Носов Петрушка Евгеньевич авторизовался в системе  
2022.05.31 15:05:16 Носов Петрушка Евгеньевич вышел из системы  
2022.05.31 15:05:23 Носов Петрушка Евгеньевич авторизовался в системе  
2022.05.31 15:09:41 Носов Петрушка Евгеньевич выгрузил в pdf разрешение №385 
2022.05.31 15:12:41 Носов Петрушка Евгеньевич вышел из системы  
2022.05.31 15:12:50 Иван Иванов Иванович авторизовался в системе  
2022.05.31 15:12:53 Иван Иванов Иванович выгрузил в scv разрешения №387  
2022.05.31 15:13:07 Иван Иванов Иванович изменил статус разрешения № 388 на 'Создание'
2022.05.31 15:13:38 Иван Иванов Иванович изменил статус разрешения № 388 на 'Создание'
2022.05.31 15:18:21 Иван Иванов Иванович изменил статус разрешения № 380 на 'Создание'
2022.05.31 15:18:49 Иван Иванов Иванович изменил статус разрешения № 388 на 'Создание'
2022.05.31 15:19:10 Иван Иванов Иванович изменил статус разрешения № 388 на 'Создание'
2022.05.31 15:19:30 Иван Иванов Иванович изменил статус разрешения № 388 на 'Создание'
2022.05.31 15:19:50 Иван Иванов Иванович изменил статус разрешения № 380 на 'Создание'
2022.05.31 15:20:00 Иван Иванов Иванович изменил статус разрешения № 387 на 'Закрыто'
2022.05.31 15:20:09 Иван Иванов Иванович изменил статус разрешения № 387 на 'Завершено'
2022.05.31 15:21:08 Иван Иванов Иванович изменил статус разрешения № 387 на 'Создание'
2022.05.31 15:21:43 Иван Иванов Иванович изменил статус разрешения № 380 на 'Создание'
2022.05.31 15:23:30 Иван Иванов Иванович изменил статус разрешения № 380 на 'Создание'
2022.05.31 15:24:04 Иван Иванов Иванович изменил статус разрешения № 380 на 'Создание'
2022.05.31 15:27:06 Иван Иванов Иванович изменил статус разрешения № 380 на 'Закрыто'
2022.05.31 15:32:02 Иван Иванов Иванович изменил статус разрешения № 387 на 'Закрыто'
2022.05.31 15:33:28 Иван Иванов Иванович изменил статус разрешения № 388 на 'Закрыто'
2022.05.31 15:33:34 Иван Иванов Иванович вышел из системы  
2022.05.31 15:33:39 Носов Петрушка Евгеньевич авторизовался в системе  
2022.05.31 15:33:59 Носов Петрушка Евгеньевич создал разрешение №416 
2022.05.31 15:34:28 Носов Петрушка Евгеньевич изменил статус разрешения № 416 на 'Согласование'
2022.05.31 15:34:33 Носов Петрушка Евгеньевич изменил статус разрешения № 416 на 'Утверждено'
2022.05.31 15:34:50 Носов Петрушка Евгеньевич вышел из системы  
2022.05.31 15:34:55 Иван Иванов Иванович авторизовался в системе  
2022.05.31 15:35:03 Иван Иванов Иванович вышел из системы  
2022.05.31 15:35:13 Носов Петрушка Евгеньевич авторизовался в системе  
2022.05.31 15:35:23 Носов Петрушка Евгеньевич изменил статус разрешения № 416 на 'Согласование'
2022.05.31 15:35:25 Носов Петрушка Евгеньевич изменил статус разрешения № 416 на 'Создание'
2022.05.31 15:35:51 Носов Петрушка Евгеньевич изменил статус разрешения № 416 на 'Согласование'
2022.05.31 15:35:55 Носов Петрушка Евгеньевич изменил статус разрешения № 416 на 'Утверждено'
2022.05.31 15:35:59 Носов Петрушка Евгеньевич вышел из системы  
2022.05.31 15:36:03 Иван Иванов Иванович авторизовался в системе  
2022.05.31 15:36:13 Иван Иванов Иванович изменил статус разрешения № 416 на 'Закрыто'
2022.05.31 15:36:16 Иван Иванов Иванович изменил статус разрешения № 416 на 'Завершено'
2022.05.31 15:36:19 Иван Иванов Иванович изменил статус разрешения № 416 на 'Закрыто'
2022.05.31 15:36:38 Иван Иванов Иванович вышел из системы  
2022.05.31 15:36:46 Носов Петрушка Евгеньевич авторизовался в системе  
2022.05.31 15:38:27 Носов Петрушка Евгеньевич создал разрешение №417 
2022.05.31 15:38:43 Носов Петрушка Евгеньевич изменил статус разрешения № 417 на 'Согласование'
2022.05.31 15:38:47 Носов Петрушка Евгеньевич изменил статус разрешения № 417 на 'Утверждено'
2022.05.31 15:38:52 Носов Петрушка Евгеньевич вышел из системы  
2022.05.31 15:38:59 Иван Иванов Иванович авторизовался в системе  
2022.05.31 15:41:14 Иван Иванов Иванович изменил статус разрешения № 417 на 'Закрыто'
2022.05.31 15:41:19 Иван Иванов Иванович изменил статус разрешения № 417 на 'Завершено'
2022.05.31 15:42:34 Иван Иванов Иванович вышел из системы  
2022.05.31 15:42:39 Носов Петрушка Евгеньевич авторизовался в системе  
2022.05.31 15:42:46 Носов Петрушка Евгеньевич создал разрешение №418 
2022.05.31 15:43:12 Носов Петрушка Евгеньевич изменил статус разрешения № 418 на 'Согласование'
2022.05.31 15:43:19 Носов Петрушка Евгеньевич изменил статус разрешения № 418 на 'Утверждено'
2022.05.31 15:43:22 Носов Петрушка Евгеньевич вышел из системы  
2022.05.31 15:43:28 Иван Иванов Иванович авторизовался в системе  
2022.05.31 15:44:02 Иван Иванов Иванович изменил статус разрешения № 418 на 'Закрыто'
2022.05.31 15:44:14 Иван Иванов Иванович изменил статус разрешения № 418 на 'Завершено'
2022.05.31 15:45:37 Иван Иванов Иванович изменил статус разрешения № 418 на 'Закрыто'
2022.05.31 15:47:30 Иван Иванов Иванович вышел из системы  
2022.05.31 15:47:36 Носов Петрушка Евгеньевич авторизовался в системе  
2022.05.31 15:47:41 Носов Петрушка Евгеньевич создал разрешение №419 
2022.05.31 15:47:47 Носов Петрушка Евгеньевич изменил статус разрешения № 419 на 'Согласование'
2022.05.31 15:47:50 Носов Петрушка Евгеньевич изменил статус разрешения № 419 на 'Утверждено'
2022.05.31 15:47:53 Носов Петрушка Евгеньевич вышел из системы  
2022.05.31 15:47:59 Иван Иванов Иванович авторизовался в системе  
2022.05.31 15:48:19 Иван Иванов Иванович вышел из системы  
2022.05.31 15:48:26 Носов Петрушка Евгеньевич авторизовался в системе  
2022.05.31 15:48:43 Носов Петрушка Евгеньевич создал разрешение №420 
2022.05.31 15:58:27 Носов Петрушка Евгеньевич выгрузил в pdf разрешение №420 
2022.05.31 15:58:49 Носов Петрушка Евгеньевич изменил статус разрешения № 420 на 'Согласование'
2022.05.31 15:59:07 Носов Петрушка Евгеньевич изменил статус разрешения № 420 на 'Утверждено'
2022.05.31 15:59:38 Носов Петрушка Евгеньевич вышел из системы  
2022.05.31 15:59:45 Иван Иванов Иванович авторизовался в системе  
2022.05.31 15:59:56 Иван Иванов Иванович изменил статус разрешения № 418 на 'Завершено'
2022.05.31 16:00:03 Иван Иванов Иванович изменил статус разрешения № 418 на 'Закрыто'
2022.05.31 16:00:14 Иван Иванов Иванович изменил статус разрешения № 419 на 'Открыто'
2022.05.31 16:00:21 Иван Иванов Иванович изменил статус разрешения № 419 на 'Требуется маскирование'
2022.05.31 16:00:27 Иван Иванов Иванович вышел из системы  
2022.05.31 16:00:36 Дмитрий Чухломин Валерьевич авторизовался в системе  
2022.05.31 16:01:43 Дмитрий Чухломин Валерьевич изменил статус разрешения № 419 на 'Замаскировано'
2022.05.31 16:08:35 Дмитрий Чухломин Валерьевич вышел из системы  
2022.05.31 16:08:40 Носов Петрушка Евгеньевич авторизовался в системе  
2022.05.31 16:08:45 Носов Петрушка Евгеньевич создал разрешение №421 
2022.05.31 16:11:01 Носов Петрушка Евгеньевич изменил статус разрешения № 421 на 'Согласование'
2022.05.31 16:11:05 Носов Петрушка Евгеньевич изменил статус разрешения № 421 на 'Утверждено'
2022.05.31 16:11:18 Носов Петрушка Евгеньевич вышел из системы  
2022.05.31 16:11:23 Иван Иванов Иванович авторизовался в системе  
2022.05.31 16:11:38 Иван Иванов Иванович вышел из системы  
2022.05.31 16:11:43 Носов Петрушка Евгеньевич авторизовался в системе  
2022.05.31 16:12:07 Носов Петрушка Евгеньевич изменил статус разрешения № 421 на 'Согласование'
2022.05.31 16:12:19 Носов Петрушка Евгеньевич изменил статус разрешения № 421 на 'Создание'
2022.05.31 16:13:23 Носов Петрушка Евгеньевич изменил статус разрешения № 421 на 'Согласование'
2022.05.31 16:13:26 Носов Петрушка Евгеньевич изменил статус разрешения № 421 на 'Утверждено'
2022.05.31 16:14:05 Носов Петрушка Евгеньевич изменил статус разрешения № 421 на 'Согласование'
2022.05.31 16:14:09 Носов Петрушка Евгеньевич изменил статус разрешения № 421 на 'Утверждено'
2022.05.31 16:14:11 Носов Петрушка Евгеньевич изменил статус разрешения № 421 на 'Согласование'
2022.05.31 16:14:27 Носов Петрушка Евгеньевич изменил статус разрешения № 421 на 'Создание'
2022.05.31 16:14:36 Носов Петрушка Евгеньевич изменил статус разрешения № 421 на 'Согласование'
2022.05.31 16:14:39 Носов Петрушка Евгеньевич изменил статус разрешения № 421 на 'Утверждено'
2022.05.31 16:14:42 Носов Петрушка Евгеньевич вышел из системы  
2022.05.31 16:14:47 Иван Иванов Иванович авторизовался в системе  
2022.05.31 16:14:51 Иван Иванов Иванович вышел из системы  
2022.05.31 16:14:57 Носов Петрушка Евгеньевич авторизовался в системе  
2022.05.31 16:14:59 Носов Петрушка Евгеньевич изменил статус разрешения № 421 на 'Согласование'
2022.05.31 16:15:01 Носов Петрушка Евгеньевич изменил статус разрешения № 421 на 'Создание'
2022.05.31 16:15:28 Носов Петрушка Евгеньевич изменил статус разрешения № 421 на 'Согласование'
2022.05.31 16:15:31 Носов Петрушка Евгеньевич изменил статус разрешения № 421 на 'Утверждено'
2022.05.31 16:15:32 Носов Петрушка Евгеньевич вышел из системы  
2022.05.31 16:15:40 Иван Иванов Иванович авторизовался в системе  
2022.05.31 16:17:43 Иван Иванов Иванович вышел из системы  
2022.05.31 16:17:50 Носов Петрушка Евгеньевич авторизовался в системе  
2022.05.31 16:18:02 Носов Петрушка Евгеньевич выгрузил в pdf разрешение №421 
2022.05.31 16:19:03 Носов Петрушка Евгеньевич выгрузил в pdf разрешение №421 
2022.05.31 16:19:17 Носов Петрушка Евгеньевич вышел из системы  
2022.05.31 16:19:22 Иван Иванов Иванович авторизовался в системе  
2022.05.31 16:19:25 Иван Иванов Иванович изменил статус разрешения № 421 на 'Требуется маскирование'
2022.05.31 16:19:28 Иван Иванов Иванович вышел из системы  
2022.05.31 16:19:37 Дмитрий Чухломин Валерьевич авторизовался в системе  
2022.05.31 16:19:43 Дмитрий Чухломин Валерьевич изменил статус разрешения № 421 на 'Замаскировано'
2022.05.31 16:19:54 Дмитрий Чухломин Валерьевич изменил статус разрешения № 421 на 'Замаскировано'
2022.05.31 16:20:07 Дмитрий Чухломин Валерьевич изменил статус разрешения № 421 на 'Замаскировано'
2022.05.31 16:20:12 Дмитрий Чухломин Валерьевич изменил статус разрешения № 421 на 'Замаскировано'
2022.05.31 16:20:27 Дмитрий Чухломин Валерьевич изменил статус разрешения № 421 на 'Задемаскировано'
2022.05.31 16:20:34 Дмитрий Чухломин Валерьевич изменил статус разрешения № 421 на 'Задемаскировано'
2022.05.31 16:20:49 Дмитрий Чухломин Валерьевич изменил статус разрешения № 421 на 'Задемаскировано'
2022.05.31 16:20:54 Дмитрий Чухломин Валерьевич изменил статус разрешения № 421 на 'Задемаскировано'
2022.05.31 16:21:36 Дмитрий Чухломин Валерьевич изменил статус разрешения № 421 на 'Замаскировано'
2022.05.31 16:24:10 Дмитрий Чухломин Валерьевич вышел из системы  
2022.05.31 16:31:25 Носов Петрушка Евгеньевич авторизовался в системе  
2022.05.31 16:33:01 Носов Петрушка Евгеньевич вышел из системы  
2022.05.31 16:34:52 Носов Петрушка Евгеньевич авторизовался в системе  
2022.05.31 16:37:07 Носов Петрушка Евгеньевич создал разрешение №422 
2022.05.31 16:46:53 Носов Петрушка Евгеньевич изменил статус разрешения № 422 на 'Согласование'
2022.05.31 16:47:01 Носов Петрушка Евгеньевич выгрузил в pdf разрешение №422 
2022.05.31 16:48:37 Носов Петрушка Евгеньевич изменил статус разрешения № 422 на 'Утверждено'
2022.05.31 16:49:23 Носов Петрушка Евгеньевич вышел из системы  
2022.05.31 16:49:31 Иван Иванов Иванович авторизовался в системе  
2022.05.31 16:57:27 Иван Иванов Иванович вышел из системы  
2022.05.31 16:57:33 Носов Петрушка Евгеньевич авторизовался в системе  
2022.05.31 16:57:54 Носов Петрушка Евгеньевич вышел из системы  
2022.05.31 16:58:00 Иван Иванов Иванович авторизовался в системе  
2022.05.31 16:58:23 Иван Иванов Иванович изменил статус разрешения № 422 на 'Открыто'
2022.05.31 16:59:40 Иван Иванов Иванович изменил статус разрешения № 422 на 'Требуется маскирование'
2022.05.31 16:59:53 Иван Иванов Иванович вышел из системы  
2022.05.31 17:00:05 Дмитрий Чухломин Валерьевич авторизовался в системе  
2022.05.31 17:00:13 Дмитрий Чухломин Валерьевич изменил статус разрешения № 422 на 'Замаскировано'
2022.05.31 17:01:08 Дмитрий Чухломин Валерьевич вышел из системы  
2022.05.31 17:01:14 Иван Иванов Иванович авторизовался в системе  
2022.05.31 17:01:20 Иван Иванов Иванович изменил статус разрешения № 422 на 'Работы начаты'
2022.05.31 18:19:28 Иван Иванов Иванович вышел из системы  
2022.05.31 18:19:40 Дмитрий Чухломин Валерьевич авторизовался в системе  
2022.05.31 18:20:15 Дмитрий Чухломин Валерьевич изменил статус разрешения № 421 на 'Замаскировано'
2022.05.31 18:20:23 Дмитрий Чухломин Валерьевич изменил статус разрешения № 422 на 'Замаскировано'
2022.05.31 18:20:37 Дмитрий Чухломин Валерьевич вышел из системы  
2022.05.31 18:22:43 Иван Иванов Иванович авторизовался в системе  
2022.05.31 18:22:48 Иван Иванов Иванович изменил статус разрешения № 422 на 'Требуется маскирование'
2022.05.31 22:06:49 Носов Петрушка Евгеньевич авторизовался в системе  
2022.06.01 00:32:32 Носов Петрушка Евгеньевич выгрузил в pdf карту маскирования №418 
2022.06.01 00:40:14 Носов Петрушка Евгеньевич выгрузил в pdf карту маскирования №418 
2022.06.01 00:51:10 Носов Петрушка Евгеньевич выгрузил в pdf карту маскирования №421 
